<?xml version="1.0" encoding="UTF-8"?>
<testng-results skipped="0" failed="0" ignored="0" total="2" passed="2">
  <reporter-output>
  </reporter-output>
  <suite name="Default suite" duration-ms="234" started-at="2020-07-14T13:58:30Z" finished-at="2020-07-14T13:58:30Z">
    <groups>
    </groups>
    <test name="Default test" duration-ms="234" started-at="2020-07-14T13:58:30Z" finished-at="2020-07-14T13:58:30Z">
      <class name="ThreadConcept.Thread.Tthread">
        <test-method status="PASS" signature="thread1()[pri:0, instance:ThreadConcept.Thread.Tthread@23ceabc1]" name="thread1" duration-ms="71" started-at="2020-07-14T19:28:30Z" finished-at="2020-07-14T19:28:30Z">
          <reporter-output>
          </reporter-output>
        </test-method> <!-- thread1 -->
        <test-method status="PASS" signature="thread2()[pri:0, instance:ThreadConcept.Thread.Tthread@23ceabc1]" name="thread2" duration-ms="7" started-at="2020-07-14T19:28:30Z" finished-at="2020-07-14T19:28:30Z">
          <reporter-output>
          </reporter-output>
        </test-method> <!-- thread2 -->
      </class> <!-- ThreadConcept.Thread.Tthread -->
    </test> <!-- Default test -->
  </suite> <!-- Default suite -->
</testng-results>
